<?xml version="1.0" encoding="UTF-8"?>
<testng-results skipped="0" failed="0" ignored="5" total="7" passed="2">
  <reporter-output>
    <line>
      <![CDATA[Clicking on electronics menu and cell phone]]>
    </line>
    <line>
      <![CDATA[Getting cell phone text]]>
    </line>
    <line>
      <![CDATA[Clicking on list tab]]>
    </line>
    <line>
      <![CDATA[click on nokia lumia [[ChromeDriver: chrome on WINDOWS (f6774a1434270c36228f29ccb7c1baf2)] -> xpath: //h2/a[contains(text(),'Nokia Lumia 1020')]]]]>
    </line>
    <line>
      <![CDATA[get nokia text]]>
    </line>
    <line>
      <![CDATA[get price for nokia ]]>
    </line>
    <line>
      <![CDATA[Updating quantity to 2]]>
    </line>
    <line>
      <![CDATA[add to the cart]]>
    </line>
    <line>
      <![CDATA[getting message added to cart]]>
    </line>
    <line>
      <![CDATA[Closing pop up]]>
    </line>
    <line>
      <![CDATA[Clicking on go to cart]]>
    </line>
    <line>
      <![CDATA[shopping cart message Shopping cart]]>
    </line>
    <line>
      <![CDATA[Verifying quantity updated]]>
    </line>
    <line>
      <![CDATA[verified total$698.00]]>
    </line>
    <line>
      <![CDATA[Clicking on checkbox]]>
    </line>
    <line>
      <![CDATA[Clicking on checkout box]]>
    </line>
    <line>
      <![CDATA[verify welcome textWelcome, Please Sign In!]]>
    </line>
    <line>
      <![CDATA[Clicking on register link]]>
    </line>
    <line>
      <![CDATA[Verifying user is on registeration page]]>
    </line>
    <line>
      <![CDATA[Selecting radio button]]>
    </line>
    <line>
      <![CDATA[Filling mandatory fields]]>
    </line>
    <line>
      <![CDATA[Filling mandatory fields]]>
    </line>
    <line>
      <![CDATA[Selecting from drop down menu]]>
    </line>
    <line>
      <![CDATA[Selecting from drop down menu]]>
    </line>
    <line>
      <![CDATA[Selecting from drop down menu]]>
    </line>
    <line>
      <![CDATA[Email generating to enter]]>
    </line>
    <line>
      <![CDATA[Selecting press button]]>
    </line>
    <line>
      <![CDATA[Getting expected message]]>
    </line>
    <line>
      <![CDATA[Actual text for verification]]>
    </line>
    <line>
      <![CDATA[Selecting press button]]>
    </line>
    <line>
      <![CDATA[Getting expected message]]>
    </line>
    <line>
      <![CDATA[Actual text for verification]]>
    </line>
    <line>
      <![CDATA[Selecting check box]]>
    </line>
    <line>
      <![CDATA[Selecting press button]]>
    </line>
    <line>
      <![CDATA[Selecting from drop down menu]]>
    </line>
    <line>
      <![CDATA[Filling mandatory fields]]>
    </line>
    <line>
      <![CDATA[Filling mandatory fields]]>
    </line>
    <line>
      <![CDATA[Filling mandatory fields]]>
    </line>
    <line>
      <![CDATA[Filling mandatory fields]]>
    </line>
    <line>
      <![CDATA[Selecting press button]]>
    </line>
    <line>
      <![CDATA[Selecting radio button]]>
    </line>
    <line>
      <![CDATA[Selecting press button]]>
    </line>
    <line>
      <![CDATA[Selecting radio button]]>
    </line>
    <line>
      <![CDATA[Selecting press button]]>
    </line>
    <line>
      <![CDATA[Selecting from drop down menu]]>
    </line>
    <line>
      <![CDATA[Filling mandatory fields]]>
    </line>
    <line>
      <![CDATA[Filling mandatory fields]]>
    </line>
    <line>
      <![CDATA[Selecting from drop down menu]]>
    </line>
    <line>
      <![CDATA[Selecting from drop down menu]]>
    </line>
    <line>
      <![CDATA[Filling mandatory fields]]>
    </line>
    <line>
      <![CDATA[Selecting press button]]>
    </line>
    <line>
      <![CDATA[Getting expected message]]>
    </line>
    <line>
      <![CDATA[Actual text for verification]]>
    </line>
    <line>
      <![CDATA[Getting expected message]]>
    </line>
    <line>
      <![CDATA[Actual text for verification]]>
    </line>
    <line>
      <![CDATA[Getting expected message]]>
    </line>
    <line>
      <![CDATA[Actual text for verification]]>
    </line>
    <line>
      <![CDATA[Getting expected message]]>
    </line>
    <line>
      <![CDATA[Actual text for verification]]>
    </line>
    <line>
      <![CDATA[Getting expected message]]>
    </line>
    <line>
      <![CDATA[Actual text for verification]]>
    </line>
    <line>
      <![CDATA[Selecting press button]]>
    </line>
    <line>
      <![CDATA[Getting expected message]]>
    </line>
    <line>
      <![CDATA[Actual text for verification]]>
    </line>
    <line>
      <![CDATA[Getting expected message]]>
    </line>
    <line>
      <![CDATA[Actual text for verification]]>
    </line>
    <line>
      <![CDATA[Selecting press button]]>
    </line>
    <line>
      <![CDATA[Getting expected message]]>
    </line>
    <line>
      <![CDATA[Actual text for verification]]>
    </line>
    <line>
      <![CDATA[Selecting press button]]>
    </line>
    <line>
      <![CDATA[Verifying current URL]]>
    </line>
    <line>
      <![CDATA[click on login tabLog in]]>
    </line>
    <line>
      <![CDATA[enter email idprime123@gmail.com]]>
    </line>
    <line>
      <![CDATA[enter password prime123]]>
    </line>
    <line>
      <![CDATA[Clicking on login button]]>
    </line>
    <line>
      <![CDATA[Getting error message]]>
    </line>
  </reporter-output>
  <suite name="Smoke suite" duration-ms="62857" started-at="2022-12-13T22:27:28 GMT" finished-at="2022-12-13T22:28:31 GMT">
    <groups>
      <group name="regression">
        <method signature="ElectronicsPageTest.TheProductAddedSuccessfullyAndPlaceOrderSuccessfully()[pri:0, instance:com.nopcommece.testsuite.ElectronicsPageTest@35a50a4c]" name="TheProductAddedSuccessfullyAndPlaceOrderSuccessfully" class="com.nopcommece.testsuite.ElectronicsPageTest"/>
        <method signature="LoginPageTest.verifyErrorMessageWithInvalidCredentials()[pri:0, instance:com.nopcommece.testsuite.LoginPageTest@4516af24]" name="verifyErrorMessageWithInvalidCredentials" class="com.nopcommece.testsuite.LoginPageTest"/>
      </group> <!-- regression -->
      <group name="smoke">
        <method signature="ElectronicsPageTest.TheProductAddedSuccessfullyAndPlaceOrderSuccessfully()[pri:0, instance:com.nopcommece.testsuite.ElectronicsPageTest@35a50a4c]" name="TheProductAddedSuccessfullyAndPlaceOrderSuccessfully" class="com.nopcommece.testsuite.ElectronicsPageTest"/>
        <method signature="LoginPageTest.verifyErrorMessageWithInvalidCredentials()[pri:0, instance:com.nopcommece.testsuite.LoginPageTest@4516af24]" name="verifyErrorMessageWithInvalidCredentials" class="com.nopcommece.testsuite.LoginPageTest"/>
      </group> <!-- smoke -->
    </groups>
    <test name="Smoke Test" duration-ms="62857" started-at="2022-12-13T22:27:28 GMT" finished-at="2022-12-13T22:28:31 GMT">
      <class name="com.nopcommece.testsuite.ElectronicsPageTest">
        <test-method status="PASS" signature="setUp()[pri:0, instance:com.nopcommece.testsuite.ElectronicsPageTest@35a50a4c]" name="setUp" is-config="true" duration-ms="18377" started-at="2022-12-13T22:27:30 GMT" finished-at="2022-12-13T22:27:48 GMT">
          <reporter-output>
          </reporter-output>
        </test-method> <!-- setUp -->
        <test-method status="PASS" signature="inIt()[pri:0, instance:com.nopcommece.testsuite.ElectronicsPageTest@35a50a4c]" name="inIt" is-config="true" duration-ms="137" started-at="2022-12-13T22:27:48 GMT" finished-at="2022-12-13T22:27:48 GMT">
          <reporter-output>
          </reporter-output>
        </test-method> <!-- inIt -->
        <test-method status="PASS" signature="TheProductAddedSuccessfullyAndPlaceOrderSuccessfully()[pri:0, instance:com.nopcommece.testsuite.ElectronicsPageTest@35a50a4c]" name="TheProductAddedSuccessfullyAndPlaceOrderSuccessfully" duration-ms="29412" started-at="2022-12-13T22:27:48 GMT" finished-at="2022-12-13T22:28:18 GMT">
          <reporter-output>
            <line>
              <![CDATA[Clicking on electronics menu and cell phone]]>
            </line>
            <line>
              <![CDATA[Getting cell phone text]]>
            </line>
            <line>
              <![CDATA[Clicking on list tab]]>
            </line>
            <line>
              <![CDATA[click on nokia lumia [[ChromeDriver: chrome on WINDOWS (f6774a1434270c36228f29ccb7c1baf2)] -> xpath: //h2/a[contains(text(),'Nokia Lumia 1020')]]]]>
            </line>
            <line>
              <![CDATA[get nokia text]]>
            </line>
            <line>
              <![CDATA[get price for nokia ]]>
            </line>
            <line>
              <![CDATA[Updating quantity to 2]]>
            </line>
            <line>
              <![CDATA[add to the cart]]>
            </line>
            <line>
              <![CDATA[getting message added to cart]]>
            </line>
            <line>
              <![CDATA[Closing pop up]]>
            </line>
            <line>
              <![CDATA[Clicking on go to cart]]>
            </line>
            <line>
              <![CDATA[shopping cart message Shopping cart]]>
            </line>
            <line>
              <![CDATA[Verifying quantity updated]]>
            </line>
            <line>
              <![CDATA[verified total$698.00]]>
            </line>
            <line>
              <![CDATA[Clicking on checkbox]]>
            </line>
            <line>
              <![CDATA[Clicking on checkout box]]>
            </line>
            <line>
              <![CDATA[verify welcome textWelcome, Please Sign In!]]>
            </line>
            <line>
              <![CDATA[Clicking on register link]]>
            </line>
            <line>
              <![CDATA[Verifying user is on registeration page]]>
            </line>
            <line>
              <![CDATA[Selecting radio button]]>
            </line>
            <line>
              <![CDATA[Filling mandatory fields]]>
            </line>
            <line>
              <![CDATA[Filling mandatory fields]]>
            </line>
            <line>
              <![CDATA[Selecting from drop down menu]]>
            </line>
            <line>
              <![CDATA[Selecting from drop down menu]]>
            </line>
            <line>
              <![CDATA[Selecting from drop down menu]]>
            </line>
            <line>
              <![CDATA[Email generating to enter]]>
            </line>
            <line>
              <![CDATA[Selecting press button]]>
            </line>
            <line>
              <![CDATA[Getting expected message]]>
            </line>
            <line>
              <![CDATA[Actual text for verification]]>
            </line>
            <line>
              <![CDATA[Selecting press button]]>
            </line>
            <line>
              <![CDATA[Getting expected message]]>
            </line>
            <line>
              <![CDATA[Actual text for verification]]>
            </line>
            <line>
              <![CDATA[Selecting check box]]>
            </line>
            <line>
              <![CDATA[Selecting press button]]>
            </line>
            <line>
              <![CDATA[Selecting from drop down menu]]>
            </line>
            <line>
              <![CDATA[Filling mandatory fields]]>
            </line>
            <line>
              <![CDATA[Filling mandatory fields]]>
            </line>
            <line>
              <![CDATA[Filling mandatory fields]]>
            </line>
            <line>
              <![CDATA[Filling mandatory fields]]>
            </line>
            <line>
              <![CDATA[Selecting press button]]>
            </line>
            <line>
              <![CDATA[Selecting radio button]]>
            </line>
            <line>
              <![CDATA[Selecting press button]]>
            </line>
            <line>
              <![CDATA[Selecting radio button]]>
            </line>
            <line>
              <![CDATA[Selecting press button]]>
            </line>
            <line>
              <![CDATA[Selecting from drop down menu]]>
            </line>
            <line>
              <![CDATA[Filling mandatory fields]]>
            </line>
            <line>
              <![CDATA[Filling mandatory fields]]>
            </line>
            <line>
              <![CDATA[Selecting from drop down menu]]>
            </line>
            <line>
              <![CDATA[Selecting from drop down menu]]>
            </line>
            <line>
              <![CDATA[Filling mandatory fields]]>
            </line>
            <line>
              <![CDATA[Selecting press button]]>
            </line>
            <line>
              <![CDATA[Getting expected message]]>
            </line>
            <line>
              <![CDATA[Actual text for verification]]>
            </line>
            <line>
              <![CDATA[Getting expected message]]>
            </line>
            <line>
              <![CDATA[Actual text for verification]]>
            </line>
            <line>
              <![CDATA[Getting expected message]]>
            </line>
            <line>
              <![CDATA[Actual text for verification]]>
            </line>
            <line>
              <![CDATA[Getting expected message]]>
            </line>
            <line>
              <![CDATA[Actual text for verification]]>
            </line>
            <line>
              <![CDATA[Getting expected message]]>
            </line>
            <line>
              <![CDATA[Actual text for verification]]>
            </line>
            <line>
              <![CDATA[Selecting press button]]>
            </line>
            <line>
              <![CDATA[Getting expected message]]>
            </line>
            <line>
              <![CDATA[Actual text for verification]]>
            </line>
            <line>
              <![CDATA[Getting expected message]]>
            </line>
            <line>
              <![CDATA[Actual text for verification]]>
            </line>
            <line>
              <![CDATA[Selecting press button]]>
            </line>
            <line>
              <![CDATA[Getting expected message]]>
            </line>
            <line>
              <![CDATA[Actual text for verification]]>
            </line>
            <line>
              <![CDATA[Selecting press button]]>
            </line>
            <line>
              <![CDATA[Verifying current URL]]>
            </line>
          </reporter-output>
        </test-method> <!-- TheProductAddedSuccessfullyAndPlaceOrderSuccessfully -->
        <test-method status="PASS" signature="tearDown()[pri:0, instance:com.nopcommece.testsuite.ElectronicsPageTest@35a50a4c]" name="tearDown" is-config="true" duration-ms="1404" started-at="2022-12-13T22:28:18 GMT" finished-at="2022-12-13T22:28:20 GMT">
          <reporter-output>
          </reporter-output>
        </test-method> <!-- tearDown -->
      </class> <!-- com.nopcommece.testsuite.ElectronicsPageTest -->
      <class name="com.nopcommece.testsuite.LoginPageTest">
        <test-method status="PASS" signature="setUp()[pri:0, instance:com.nopcommece.testsuite.LoginPageTest@4516af24]" name="setUp" is-config="true" duration-ms="6701" started-at="2022-12-13T22:28:20 GMT" finished-at="2022-12-13T22:28:26 GMT">
          <reporter-output>
          </reporter-output>
        </test-method> <!-- setUp -->
        <test-method status="PASS" signature="inIt()[pri:0, instance:com.nopcommece.testsuite.LoginPageTest@4516af24]" name="inIt" is-config="true" duration-ms="35" started-at="2022-12-13T22:28:26 GMT" finished-at="2022-12-13T22:28:26 GMT">
          <reporter-output>
          </reporter-output>
        </test-method> <!-- inIt -->
        <test-method status="PASS" signature="verifyErrorMessageWithInvalidCredentials()[pri:0, instance:com.nopcommece.testsuite.LoginPageTest@4516af24]" name="verifyErrorMessageWithInvalidCredentials" duration-ms="1836" started-at="2022-12-13T22:28:26 GMT" finished-at="2022-12-13T22:28:28 GMT">
          <reporter-output>
            <line>
              <![CDATA[click on login tabLog in]]>
            </line>
            <line>
              <![CDATA[enter email idprime123@gmail.com]]>
            </line>
            <line>
              <![CDATA[enter password prime123]]>
            </line>
            <line>
              <![CDATA[Clicking on login button]]>
            </line>
            <line>
              <![CDATA[Getting error message]]>
            </line>
          </reporter-output>
        </test-method> <!-- verifyErrorMessageWithInvalidCredentials -->
        <test-method status="PASS" signature="tearDown()[pri:0, instance:com.nopcommece.testsuite.LoginPageTest@4516af24]" name="tearDown" is-config="true" duration-ms="2375" started-at="2022-12-13T22:28:28 GMT" finished-at="2022-12-13T22:28:31 GMT">
          <reporter-output>
          </reporter-output>
        </test-method> <!-- tearDown -->
      </class> <!-- com.nopcommece.testsuite.LoginPageTest -->
    </test> <!-- Smoke Test -->
  </suite> <!-- Smoke suite -->
</testng-results>
